2019-08-28 01:18:46.237  INFO 26567 --- [Thread-6] o.s.s.concurrent.ThreadPoolTaskExecutor  : Shutting down ExecutorService 'applicationTaskExecutor'
2019-08-28 01:18:46.239  INFO 26567 --- [Thread-6] com.zaxxer.hikari.HikariDataSource       : HikariPool-1 - Shutdown initiated...
2019-08-28 01:18:46.269  INFO 26567 --- [Thread-6] com.zaxxer.hikari.HikariDataSource       : HikariPool-1 - Shutdown completed.
2019-08-28 02:49:04.837  INFO 31145 --- [main] com.example.demo.DemoApplicationTests    : Starting DemoApplicationTests on lv-computer with PID 31145 (started by lvxin in /home/lvxin/IdeaProjects/watermanager)
2019-08-28 02:49:04.857  INFO 31145 --- [main] com.example.demo.DemoApplicationTests    : No active profile set, falling back to default profiles: default
2019-08-28 02:49:04.976 DEBUG 31145 --- [main] o.s.w.c.s.GenericWebApplicationContext   : Refreshing org.springframework.web.context.support.GenericWebApplicationContext@534a5a98
2019-08-28 02:49:09.467  INFO 31145 --- [main] o.s.s.concurrent.ThreadPoolTaskExecutor  : Initializing ExecutorService 'applicationTaskExecutor'
2019-08-28 02:49:09.996 DEBUG 31145 --- [main] o.s.w.s.handler.SimpleUrlHandlerMapping  : Patterns [/**/favicon.ico] in 'faviconHandlerMapping'
2019-08-28 02:49:10.164 DEBUG 31145 --- [main] s.w.s.m.m.a.RequestMappingHandlerAdapter : ControllerAdvice beans: 0 @ModelAttribute, 0 @InitBinder, 1 RequestBodyAdvice, 1 ResponseBodyAdvice
2019-08-28 02:49:10.228 DEBUG 31145 --- [main] s.w.s.m.m.a.RequestMappingHandlerMapping : 7 mappings in 'requestMappingHandlerMapping'
2019-08-28 02:49:10.248 DEBUG 31145 --- [main] o.s.w.s.handler.SimpleUrlHandlerMapping  : Patterns [/webjars/**, /**] in 'resourceHandlerMapping'
2019-08-28 02:49:10.259 DEBUG 31145 --- [main] .m.m.a.ExceptionHandlerExceptionResolver : ControllerAdvice beans: 0 @ExceptionHandler, 1 ResponseBodyAdvice
2019-08-28 02:49:10.299  WARN 31145 --- [main] ion$DefaultTemplateResolverConfiguration : Cannot find template location: classpath:/templates/ (please add some templates or check your Thymeleaf configuration)
2019-08-28 02:49:10.893  INFO 31145 --- [main] com.example.demo.DemoApplicationTests    : Started DemoApplicationTests in 6.946 seconds (JVM running for 10.705)
2019-08-28 02:49:11.258 DEBUG 31145 --- [Thread-2] o.s.w.c.s.GenericWebApplicationContext   : Closing org.springframework.web.context.support.GenericWebApplicationContext@534a5a98, started on Wed Aug 28 02:49:04 EDT 2019
2019-08-28 02:49:11.261  INFO 31145 --- [Thread-2] o.s.s.concurrent.ThreadPoolTaskExecutor  : Shutting down ExecutorService 'applicationTaskExecutor'
2019-08-28 02:49:32.327  INFO 31213 --- [main] com.example.demo.DemoApplicationTests    : Starting DemoApplicationTests on lv-computer with PID 31213 (started by lvxin in /home/lvxin/IdeaProjects/watermanager)
2019-08-28 02:49:32.328  INFO 31213 --- [main] com.example.demo.DemoApplicationTests    : No active profile set, falling back to default profiles: default
2019-08-28 02:49:32.369 DEBUG 31213 --- [main] o.s.w.c.s.GenericWebApplicationContext   : Refreshing org.springframework.web.context.support.GenericWebApplicationContext@130c12b7
2019-08-28 02:49:34.699  INFO 31213 --- [main] o.s.s.concurrent.ThreadPoolTaskExecutor  : Initializing ExecutorService 'applicationTaskExecutor'
2019-08-28 02:49:35.089 DEBUG 31213 --- [main] o.s.w.s.handler.SimpleUrlHandlerMapping  : Patterns [/**/favicon.ico] in 'faviconHandlerMapping'
2019-08-28 02:49:35.325 DEBUG 31213 --- [main] s.w.s.m.m.a.RequestMappingHandlerAdapter : ControllerAdvice beans: 0 @ModelAttribute, 0 @InitBinder, 1 RequestBodyAdvice, 1 ResponseBodyAdvice
2019-08-28 02:49:35.438 DEBUG 31213 --- [main] s.w.s.m.m.a.RequestMappingHandlerMapping : 7 mappings in 'requestMappingHandlerMapping'
2019-08-28 02:49:35.466 DEBUG 31213 --- [main] o.s.w.s.handler.SimpleUrlHandlerMapping  : Patterns [/webjars/**, /**] in 'resourceHandlerMapping'
2019-08-28 02:49:35.479 DEBUG 31213 --- [main] .m.m.a.ExceptionHandlerExceptionResolver : ControllerAdvice beans: 0 @ExceptionHandler, 1 ResponseBodyAdvice
2019-08-28 02:49:35.528  WARN 31213 --- [main] ion$DefaultTemplateResolverConfiguration : Cannot find template location: classpath:/templates/ (please add some templates or check your Thymeleaf configuration)
2019-08-28 02:49:36.079  INFO 31213 --- [main] com.example.demo.DemoApplicationTests    : Started DemoApplicationTests in 4.044 seconds (JVM running for 4.83)
2019-08-28 02:49:36.260 DEBUG 31213 --- [Thread-2] o.s.w.c.s.GenericWebApplicationContext   : Closing org.springframework.web.context.support.GenericWebApplicationContext@130c12b7, started on Wed Aug 28 02:49:32 EDT 2019
2019-08-28 02:49:36.263  INFO 31213 --- [Thread-2] o.s.s.concurrent.ThreadPoolTaskExecutor  : Shutting down ExecutorService 'applicationTaskExecutor'
2019-08-28 02:50:04.672  INFO 31307 --- [main] com.example.demo.DemoApplicationTests    : Starting DemoApplicationTests on lv-computer with PID 31307 (started by lvxin in /home/lvxin/IdeaProjects/watermanager)
2019-08-28 02:50:04.673  INFO 31307 --- [main] com.example.demo.DemoApplicationTests    : No active profile set, falling back to default profiles: default
2019-08-28 02:50:04.719 DEBUG 31307 --- [main] o.s.w.c.s.GenericWebApplicationContext   : Refreshing org.springframework.web.context.support.GenericWebApplicationContext@121314f7
2019-08-28 02:50:06.927  INFO 31307 --- [main] o.s.s.concurrent.ThreadPoolTaskExecutor  : Initializing ExecutorService 'applicationTaskExecutor'
2019-08-28 02:50:07.296 DEBUG 31307 --- [main] o.s.w.s.handler.SimpleUrlHandlerMapping  : Patterns [/**/favicon.ico] in 'faviconHandlerMapping'
2019-08-28 02:50:07.453 DEBUG 31307 --- [main] s.w.s.m.m.a.RequestMappingHandlerAdapter : ControllerAdvice beans: 0 @ModelAttribute, 0 @InitBinder, 1 RequestBodyAdvice, 1 ResponseBodyAdvice
2019-08-28 02:50:07.512 DEBUG 31307 --- [main] s.w.s.m.m.a.RequestMappingHandlerMapping : 7 mappings in 'requestMappingHandlerMapping'
2019-08-28 02:50:07.534 DEBUG 31307 --- [main] o.s.w.s.handler.SimpleUrlHandlerMapping  : Patterns [/webjars/**, /**] in 'resourceHandlerMapping'
2019-08-28 02:50:07.544 DEBUG 31307 --- [main] .m.m.a.ExceptionHandlerExceptionResolver : ControllerAdvice beans: 0 @ExceptionHandler, 1 ResponseBodyAdvice
2019-08-28 02:50:07.578  WARN 31307 --- [main] ion$DefaultTemplateResolverConfiguration : Cannot find template location: classpath:/templates/ (please add some templates or check your Thymeleaf configuration)
2019-08-28 02:50:07.904  INFO 31307 --- [main] com.example.demo.DemoApplicationTests    : Started DemoApplicationTests in 3.48 seconds (JVM running for 4.075)
2019-08-28 02:50:08.057 DEBUG 31307 --- [Thread-2] o.s.w.c.s.GenericWebApplicationContext   : Closing org.springframework.web.context.support.GenericWebApplicationContext@121314f7, started on Wed Aug 28 02:50:04 EDT 2019
2019-08-28 02:50:08.059  INFO 31307 --- [Thread-2] o.s.s.concurrent.ThreadPoolTaskExecutor  : Shutting down ExecutorService 'applicationTaskExecutor'
2019-08-28 02:50:28.744  INFO 31382 --- [main] com.example.demo.DemoApplicationTests    : Starting DemoApplicationTests on lv-computer with PID 31382 (started by lvxin in /home/lvxin/IdeaProjects/watermanager)
2019-08-28 02:50:28.746  INFO 31382 --- [main] com.example.demo.DemoApplicationTests    : No active profile set, falling back to default profiles: default
2019-08-28 02:50:28.806 DEBUG 31382 --- [main] o.s.w.c.s.GenericWebApplicationContext   : Refreshing org.springframework.web.context.support.GenericWebApplicationContext@121314f7
2019-08-28 02:50:30.714  INFO 31382 --- [main] o.s.s.concurrent.ThreadPoolTaskExecutor  : Initializing ExecutorService 'applicationTaskExecutor'
2019-08-28 02:50:31.054 DEBUG 31382 --- [main] o.s.w.s.handler.SimpleUrlHandlerMapping  : Patterns [/**/favicon.ico] in 'faviconHandlerMapping'
2019-08-28 02:50:31.221 DEBUG 31382 --- [main] s.w.s.m.m.a.RequestMappingHandlerAdapter : ControllerAdvice beans: 0 @ModelAttribute, 0 @InitBinder, 1 RequestBodyAdvice, 1 ResponseBodyAdvice
2019-08-28 02:50:31.284 DEBUG 31382 --- [main] s.w.s.m.m.a.RequestMappingHandlerMapping : 7 mappings in 'requestMappingHandlerMapping'
2019-08-28 02:50:31.313 DEBUG 31382 --- [main] o.s.w.s.handler.SimpleUrlHandlerMapping  : Patterns [/webjars/**, /**] in 'resourceHandlerMapping'
2019-08-28 02:50:31.328 DEBUG 31382 --- [main] .m.m.a.ExceptionHandlerExceptionResolver : ControllerAdvice beans: 0 @ExceptionHandler, 1 ResponseBodyAdvice
2019-08-28 02:50:31.369  WARN 31382 --- [main] ion$DefaultTemplateResolverConfiguration : Cannot find template location: classpath:/templates/ (please add some templates or check your Thymeleaf configuration)
2019-08-28 02:50:31.681  INFO 31382 --- [main] com.example.demo.DemoApplicationTests    : Started DemoApplicationTests in 3.226 seconds (JVM running for 3.841)
2019-08-28 02:50:31.806 DEBUG 31382 --- [Thread-2] o.s.w.c.s.GenericWebApplicationContext   : Closing org.springframework.web.context.support.GenericWebApplicationContext@121314f7, started on Wed Aug 28 02:50:28 EDT 2019
2019-08-28 02:50:31.808  INFO 31382 --- [Thread-2] o.s.s.concurrent.ThreadPoolTaskExecutor  : Shutting down ExecutorService 'applicationTaskExecutor'
2019-08-28 03:32:45.700  INFO 717 --- [main] com.example.demo.DemoApplicationTests    : Starting DemoApplicationTests on lv-computer with PID 717 (started by lvxin in /home/lvxin/IdeaProjects/watermanager)
2019-08-28 03:32:45.707  INFO 717 --- [main] com.example.demo.DemoApplicationTests    : No active profile set, falling back to default profiles: default
2019-08-28 03:32:45.737 DEBUG 717 --- [main] o.s.w.c.s.GenericWebApplicationContext   : Refreshing org.springframework.web.context.support.GenericWebApplicationContext@60bd273d
2019-08-28 03:32:49.588  INFO 717 --- [main] o.s.s.concurrent.ThreadPoolTaskExecutor  : Initializing ExecutorService 'applicationTaskExecutor'
2019-08-28 03:32:50.069 DEBUG 717 --- [main] o.s.w.s.handler.SimpleUrlHandlerMapping  : Patterns [/**/favicon.ico] in 'faviconHandlerMapping'
2019-08-28 03:32:50.327 DEBUG 717 --- [main] s.w.s.m.m.a.RequestMappingHandlerAdapter : ControllerAdvice beans: 0 @ModelAttribute, 0 @InitBinder, 1 RequestBodyAdvice, 1 ResponseBodyAdvice
2019-08-28 03:32:50.399 DEBUG 717 --- [main] s.w.s.m.m.a.RequestMappingHandlerMapping : 7 mappings in 'requestMappingHandlerMapping'
2019-08-28 03:32:50.419 DEBUG 717 --- [main] o.s.w.s.handler.SimpleUrlHandlerMapping  : Patterns [/webjars/**, /**] in 'resourceHandlerMapping'
2019-08-28 03:32:50.430 DEBUG 717 --- [main] .m.m.a.ExceptionHandlerExceptionResolver : ControllerAdvice beans: 0 @ExceptionHandler, 1 ResponseBodyAdvice
2019-08-28 03:32:50.467  WARN 717 --- [main] ion$DefaultTemplateResolverConfiguration : Cannot find template location: classpath:/templates/ (please add some templates or check your Thymeleaf configuration)
2019-08-28 03:32:51.156  INFO 717 --- [main] com.example.demo.DemoApplicationTests    : Started DemoApplicationTests in 5.867 seconds (JVM running for 8.393)
2019-08-28 03:32:51.598 DEBUG 717 --- [Thread-2] o.s.w.c.s.GenericWebApplicationContext   : Closing org.springframework.web.context.support.GenericWebApplicationContext@60bd273d, started on Wed Aug 28 03:32:45 EDT 2019
2019-08-28 03:32:51.622  INFO 717 --- [Thread-2] o.s.s.concurrent.ThreadPoolTaskExecutor  : Shutting down ExecutorService 'applicationTaskExecutor'
2019-08-28 03:33:08.305  INFO 783 --- [main] com.example.demo.DemoApplicationTests    : Starting DemoApplicationTests on lv-computer with PID 783 (started by lvxin in /home/lvxin/IdeaProjects/watermanager)
2019-08-28 03:33:08.306  INFO 783 --- [main] com.example.demo.DemoApplicationTests    : No active profile set, falling back to default profiles: default
2019-08-28 03:33:08.367 DEBUG 783 --- [main] o.s.w.c.s.GenericWebApplicationContext   : Refreshing org.springframework.web.context.support.GenericWebApplicationContext@130c12b7
2019-08-28 03:33:11.384  INFO 783 --- [main] o.s.s.concurrent.ThreadPoolTaskExecutor  : Initializing ExecutorService 'applicationTaskExecutor'
2019-08-28 03:33:11.768 DEBUG 783 --- [main] o.s.w.s.handler.SimpleUrlHandlerMapping  : Patterns [/**/favicon.ico] in 'faviconHandlerMapping'
2019-08-28 03:33:11.949 DEBUG 783 --- [main] s.w.s.m.m.a.RequestMappingHandlerAdapter : ControllerAdvice beans: 0 @ModelAttribute, 0 @InitBinder, 1 RequestBodyAdvice, 1 ResponseBodyAdvice
2019-08-28 03:33:12.015 DEBUG 783 --- [main] s.w.s.m.m.a.RequestMappingHandlerMapping : 7 mappings in 'requestMappingHandlerMapping'
2019-08-28 03:33:12.042 DEBUG 783 --- [main] o.s.w.s.handler.SimpleUrlHandlerMapping  : Patterns [/webjars/**, /**] in 'resourceHandlerMapping'
2019-08-28 03:33:12.055 DEBUG 783 --- [main] .m.m.a.ExceptionHandlerExceptionResolver : ControllerAdvice beans: 0 @ExceptionHandler, 1 ResponseBodyAdvice
2019-08-28 03:33:12.093  WARN 783 --- [main] ion$DefaultTemplateResolverConfiguration : Cannot find template location: classpath:/templates/ (please add some templates or check your Thymeleaf configuration)
2019-08-28 03:33:12.459  INFO 783 --- [main] com.example.demo.DemoApplicationTests    : Started DemoApplicationTests in 4.701 seconds (JVM running for 6.311)
2019-08-28 03:33:12.627 DEBUG 783 --- [Thread-2] o.s.w.c.s.GenericWebApplicationContext   : Closing org.springframework.web.context.support.GenericWebApplicationContext@130c12b7, started on Wed Aug 28 03:33:08 EDT 2019
2019-08-28 03:33:12.631  INFO 783 --- [Thread-2] o.s.s.concurrent.ThreadPoolTaskExecutor  : Shutting down ExecutorService 'applicationTaskExecutor'
2019-08-28 03:33:55.842  INFO 870 --- [main] com.example.demo.DemoApplicationTests    : Starting DemoApplicationTests on lv-computer with PID 870 (started by lvxin in /home/lvxin/IdeaProjects/watermanager)
2019-08-28 03:33:55.844  INFO 870 --- [main] com.example.demo.DemoApplicationTests    : No active profile set, falling back to default profiles: default
2019-08-28 03:33:55.900 DEBUG 870 --- [main] o.s.w.c.s.GenericWebApplicationContext   : Refreshing org.springframework.web.context.support.GenericWebApplicationContext@121314f7
2019-08-28 03:33:58.076  INFO 870 --- [main] o.s.s.concurrent.ThreadPoolTaskExecutor  : Initializing ExecutorService 'applicationTaskExecutor'
2019-08-28 03:33:58.442 DEBUG 870 --- [main] o.s.w.s.handler.SimpleUrlHandlerMapping  : Patterns [/**/favicon.ico] in 'faviconHandlerMapping'
2019-08-28 03:33:58.625 DEBUG 870 --- [main] s.w.s.m.m.a.RequestMappingHandlerAdapter : ControllerAdvice beans: 0 @ModelAttribute, 0 @InitBinder, 1 RequestBodyAdvice, 1 ResponseBodyAdvice
2019-08-28 03:33:58.694 DEBUG 870 --- [main] s.w.s.m.m.a.RequestMappingHandlerMapping : 7 mappings in 'requestMappingHandlerMapping'
2019-08-28 03:33:58.720 DEBUG 870 --- [main] o.s.w.s.handler.SimpleUrlHandlerMapping  : Patterns [/webjars/**, /**] in 'resourceHandlerMapping'
2019-08-28 03:33:58.732 DEBUG 870 --- [main] .m.m.a.ExceptionHandlerExceptionResolver : ControllerAdvice beans: 0 @ExceptionHandler, 1 ResponseBodyAdvice
2019-08-28 03:33:58.775  WARN 870 --- [main] ion$DefaultTemplateResolverConfiguration : Cannot find template location: classpath:/templates/ (please add some templates or check your Thymeleaf configuration)
2019-08-28 03:33:59.130  INFO 870 --- [main] com.example.demo.DemoApplicationTests    : Started DemoApplicationTests in 3.647 seconds (JVM running for 4.324)
2019-08-28 03:33:59.473 DEBUG 870 --- [Thread-2] o.s.w.c.s.GenericWebApplicationContext   : Closing org.springframework.web.context.support.GenericWebApplicationContext@121314f7, started on Wed Aug 28 03:33:55 EDT 2019
2019-08-28 03:33:59.476  INFO 870 --- [Thread-2] o.s.s.concurrent.ThreadPoolTaskExecutor  : Shutting down ExecutorService 'applicationTaskExecutor'
2019-08-28 03:34:17.177  INFO 939 --- [main] com.example.demo.DemoApplicationTests    : Starting DemoApplicationTests on lv-computer with PID 939 (started by lvxin in /home/lvxin/IdeaProjects/watermanager)
2019-08-28 03:34:17.181  INFO 939 --- [main] com.example.demo.DemoApplicationTests    : No active profile set, falling back to default profiles: default
2019-08-28 03:34:17.247 DEBUG 939 --- [main] o.s.w.c.s.GenericWebApplicationContext   : Refreshing org.springframework.web.context.support.GenericWebApplicationContext@121314f7
2019-08-28 03:34:19.773  INFO 939 --- [main] o.s.s.concurrent.ThreadPoolTaskExecutor  : Initializing ExecutorService 'applicationTaskExecutor'
2019-08-28 03:34:20.127 DEBUG 939 --- [main] o.s.w.s.handler.SimpleUrlHandlerMapping  : Patterns [/**/favicon.ico] in 'faviconHandlerMapping'
2019-08-28 03:34:20.311 DEBUG 939 --- [main] s.w.s.m.m.a.RequestMappingHandlerAdapter : ControllerAdvice beans: 0 @ModelAttribute, 0 @InitBinder, 1 RequestBodyAdvice, 1 ResponseBodyAdvice
2019-08-28 03:34:20.383 DEBUG 939 --- [main] s.w.s.m.m.a.RequestMappingHandlerMapping : 7 mappings in 'requestMappingHandlerMapping'
2019-08-28 03:34:20.405 DEBUG 939 --- [main] o.s.w.s.handler.SimpleUrlHandlerMapping  : Patterns [/webjars/**, /**] in 'resourceHandlerMapping'
2019-08-28 03:34:20.416 DEBUG 939 --- [main] .m.m.a.ExceptionHandlerExceptionResolver : ControllerAdvice beans: 0 @ExceptionHandler, 1 ResponseBodyAdvice
2019-08-28 03:34:20.458  WARN 939 --- [main] ion$DefaultTemplateResolverConfiguration : Cannot find template location: classpath:/templates/ (please add some templates or check your Thymeleaf configuration)
2019-08-28 03:34:20.775  INFO 939 --- [main] com.example.demo.DemoApplicationTests    : Started DemoApplicationTests in 3.949 seconds (JVM running for 4.634)
2019-08-28 03:34:20.957 DEBUG 939 --- [Thread-2] o.s.w.c.s.GenericWebApplicationContext   : Closing org.springframework.web.context.support.GenericWebApplicationContext@121314f7, started on Wed Aug 28 03:34:17 EDT 2019
2019-08-28 03:34:20.960  INFO 939 --- [Thread-2] o.s.s.concurrent.ThreadPoolTaskExecutor  : Shutting down ExecutorService 'applicationTaskExecutor'
